This is pdfTeX, Version 3.1415926-1.40.10 (TeX Live 2009/Debian) (format=latex 2010.5.13)  13 MAY 2010 05:09
entering extended mode
 restricted \write18 enabled.
 %&-line parsing enabled.
**top
(./top.tex
LaTeX2e <2009/09/24>
Babel <v3.8l> and hyphenation patterns for english, usenglishmax, dumylang, noh
yphenation, loaded.
(/usr/share/texmf-texlive/tex/latex/base/book.cls
Document Class: book 2007/10/19 v1.4h Standard LaTeX document class
(/usr/share/texmf-texlive/tex/latex/base/bk10.clo
File: bk10.clo 2007/10/19 v1.4h Standard LaTeX file (size option)
)
\c@part=\count79
\c@chapter=\count80
\c@section=\count81
\c@subsection=\count82
\c@subsubsection=\count83
\c@paragraph=\count84
\c@subparagraph=\count85
\c@figure=\count86
\c@table=\count87
\abovecaptionskip=\skip41
\belowcaptionskip=\skip42
\bibindent=\dimen102
)
(/usr/share/texmf-texlive/tex/latex/graphics/epsfig.sty
Package: epsfig 1999/02/16 v1.7a (e)psfig emulation (SPQR)

(/usr/share/texmf-texlive/tex/latex/graphics/graphicx.sty
Package: graphicx 1999/02/16 v1.0f Enhanced LaTeX Graphics (DPC,SPQR)

(/usr/share/texmf-texlive/tex/latex/graphics/keyval.sty
Package: keyval 1999/03/16 v1.13 key=value parser (DPC)
\KV@toks@=\toks14
)
(/usr/share/texmf-texlive/tex/latex/graphics/graphics.sty
Package: graphics 2009/02/05 v1.0o Standard LaTeX Graphics (DPC,SPQR)

(/usr/share/texmf-texlive/tex/latex/graphics/trig.sty
Package: trig 1999/03/16 v1.09 sin cos tan (DPC)
)
(/etc/texmf/tex/latex/config/graphics.cfg
File: graphics.cfg 2009/08/28 v1.8 graphics configuration of TeX Live
)
Package graphics Info: Driver file: dvips.def on input line 91.

(/usr/share/texmf-texlive/tex/latex/graphics/dvips.def
File: dvips.def 1999/02/16 v3.0i Driver-dependant file (DPC,SPQR)
))
\Gin@req@height=\dimen103
\Gin@req@width=\dimen104
)
\epsfxsize=\dimen105
\epsfysize=\dimen106
)
(/usr/share/texmf-texlive/tex/latex/base/makeidx.sty
Package: makeidx 2000/03/29 v1.0m Standard LaTeX package
)
epsfig option `silent' ignored
\@indexfile=\write3
\openout3 = `top.idx'.

Writing index file top.idx
(./top.aux (./cha1.aux) (./cha2.aux) (./cha3.aux) (./cha4.aux) (./cha5.aux)
(./cha6.aux) (./cha7.aux) (./cha8.aux) (./cha9.aux) (./cha10.aux) (./cha11.aux)
(./cha12.aux) (./cha13.aux) (./cha14.aux) (./cha15.aux) (./app1.aux))
\openout1 = `top.aux'.

LaTeX Font Info:    Checking defaults for OML/cmm/m/it on input line 43.
LaTeX Font Info:    ... okay on input line 43.
LaTeX Font Info:    Checking defaults for T1/cmr/m/n on input line 43.
LaTeX Font Info:    ... okay on input line 43.
LaTeX Font Info:    Checking defaults for OT1/cmr/m/n on input line 43.
LaTeX Font Info:    ... okay on input line 43.
LaTeX Font Info:    Checking defaults for OMS/cmsy/m/n on input line 43.
LaTeX Font Info:    ... okay on input line 43.
LaTeX Font Info:    Checking defaults for OMX/cmex/m/n on input line 43.
LaTeX Font Info:    ... okay on input line 43.
LaTeX Font Info:    Checking defaults for U/cmr/m/n on input line 43.
LaTeX Font Info:    ... okay on input line 43.
LaTeX Font Info:    External font `cmex10' loaded for size
(Font)              <12> on input line 48.
LaTeX Font Info:    External font `cmex10' loaded for size
(Font)              <8> on input line 48.
LaTeX Font Info:    External font `cmex10' loaded for size
(Font)              <6> on input line 48.
 [1


]
[2] (./top.toc
LaTeX Font Info:    External font `cmex10' loaded for size
(Font)              <7> on input line 2.
LaTeX Font Info:    External font `cmex10' loaded for size
(Font)              <5> on input line 2.
 [1


] [2] [3] [4])
\tf@toc=\write4
\openout4 = `top.toc'.

 [5] [6

]
\openout2 = `cha1.aux'.

 (./cha1.tex
Chapter 1.
[1


]
File: interpret.eps Graphic file (type eps)
 <interpret.eps>
File: compile.eps Graphic file (type eps)
 <compile.eps>
Underfull \vbox (badness 10000) has occurred while \output is active []

 [2]
[3] [4] [5] [6] [7]
LaTeX Font Info:    Try loading font information for OMS+cmr on input line 495.

 (/usr/share/texmf-texlive/tex/latex/base/omscmr.fd
File: omscmr.fd 1999/05/25 v2.5h Standard LaTeX font definitions
)
LaTeX Font Info:    Font shape `OMS/cmr/m/n' in size <10> not available
(Font)              Font shape `OMS/cmsy/m/n' tried instead on input line 495.

[8]) [9]
\openout2 = `cha2.aux'.

 (./cha2.tex [10



]
Chapter 2.
[11]
Overfull \hbox (1.49698pt too wide) in paragraph at lines 99--99
[]\OT1/cmtt/m/n/10 int main(){cout<<"Goodbye, ";cout<<"cruel world!"<<endl;retu
rn 0;}[] 
 []

[12] [13]
File: assign.eps Graphic file (type eps)
 <assign.eps> [14]
Overfull \hbox (11.99689pt too wide) in paragraph at lines 310--310
[]  \OT1/cmtt/m/n/10 cout << "The current time is " << hour << colon << minute 
<< endl;[] 
 []

[15] [16] [17] [18]) [19]
\openout2 = `cha3.aux'.

 (./cha3.tex [20



]
Chapter 3.
[21] [22] [23] [24] [25] [26] [27] [28]
File: stack.eps Graphic file (type eps)
 <stack.eps> [29] [30]) [31]
\openout2 = `cha4.aux'.

 (./cha4.tex [32



]
Chapter 4.
[33] [34] [35] [36] [37] [38]
File: stack2.eps Graphic file (type eps)
 <stack2.eps> [39]) [40]
\openout2 = `cha5.aux'.

 (./cha5.tex
Chapter 5.
[41



] [42] [43] [44] [45] [46] [47] [48] [49] [50]
File: stack3.eps Graphic file (type eps)
 <stack3.eps> [51] [52]
[53]) [54]
\openout2 = `cha6.aux'.

 (./cha6.tex
Chapter 6.
File: assign2.eps Graphic file (type eps)
<assign2.eps> [55



] [56] [57] [58] [59] [60] [61]
File: stack4.eps Graphic file (type eps)
 <stack4.eps> [62] [63]
[64]) [65]
\openout2 = `cha7.aux'.

 (./cha7.tex [66



]
Chapter 7.
[67] [68] [69] [70] [71] [72] [73]
Overfull \hbox (22.4968pt too wide) in paragraph at lines 503--503
[]    \OT1/cmtt/m/n/10 cout << "Your word, " << word << ", comes before banana.
" << endl;[] 
 []


Overfull \hbox (17.24684pt too wide) in paragraph at lines 503--503
[]    \OT1/cmtt/m/n/10 cout << "Your word, " << word << ", comes after banana."
 << endl;[] 
 []


Overfull \hbox (1.49698pt too wide) in paragraph at lines 533--533
[]    \OT1/cmtt/m/n/10 cout << "The character " << letter << " is a letter." <<
 endl;[] 
 []

[74] [75]) [76]
\openout2 = `cha8.aux'.

 (./cha8.tex
Chapter 8.
[77



]
File: point.eps Graphic file (type eps)
 <point.eps> [78] [79]
File: point2.eps Graphic file (type eps)
 <point2.eps> [80]
File: point3.eps Graphic file (type eps)
 <point3.eps> [81] [82]
File: rectangle.eps Graphic file (type eps)

<rectangle.eps> [83] [84] [85] [86]) [87]
\openout2 = `cha9.aux'.

 (./cha9.tex [88



]
Chapter 9.
File: time.eps Graphic file (type eps)
<time.eps> [89]
Overfull \hbox (206.2452pt too wide) in paragraph at lines 113--113
[]  \OT1/cmtt/m/n/10 cout << "Time is " << t.hour << " hour " << t.minute << " 
minutes " << t.second << "  seconds  "<<endl;[] 
 []

[90] [91] [92] [93] [94] [95] [96]) [97]
\openout2 = `cha10.aux'.

 (./cha10.tex [98



]
Chapter 10.
File: vector.eps Graphic file (type eps)
<vector.eps>
Underfull \vbox (badness 1484) has occurred while \output is active []

 [99]
File: vector2.eps Graphic file (type eps)

<vector2.eps> [100] [101]
Underfull \hbox (badness 1248) in paragraph at lines 248--253
\OT1/cmr/m/n/10 The last time the body of the loop gets ex-e-cuted, the value o
f \OT1/cmtt/m/n/10 i \OT1/cmr/m/n/10 is
 []

[102] [103] [104] [105] [106] [107] [108]) [109]
\openout2 = `cha11.aux'.

 (./cha11.tex [110



]
Chapter 11.
[111]
Overfull \hbox (32.9967pt too wide) in paragraph at lines 118--118
[]  \OT1/cmtt/m/n/10 cout << time.hour << ":" << time.minute << ":" << time.sec
ond << endl;[] 
 []

[112]
Overfull \hbox (32.9967pt too wide) in paragraph at lines 163--163
[]  \OT1/cmtt/m/n/10 cout << time.hour << ":" << time.minute << ":" << time.sec
ond << endl;[] 
 []

[113] [114] [115] [116] [117] [118] [119] [120]) [121]
\openout2 = `cha12.aux'.

 (./cha12.tex [122



]
Chapter 12.
[123] [124]
File: apstringvector.eps Graphic file (type eps)
 <apstringvector.eps>
Underfull \vbox (badness 1584) has occurred while \output is active []

 [125]
[126] [127] [128] [129]
File: cardvector.eps Graphic file (type eps)
 <cardvector.eps> [130] [131] [132] [133] [134])
[135]
\openout2 = `cha13.aux'.

 (./cha13.tex [136



]
Chapter 13.

Overfull \hbox (6.74693pt too wide) in paragraph at lines 51--51
[]\OT1/cmtt/m/n/10 enum Rank { ACE=1, TWO, THREE, FOUR, FIVE, SIX, SEVEN, EIGHT
, NINE,[] 
 []

[137] [138]
Overfull \hbox (59.24648pt too wide) in paragraph at lines 146--146
[]    \OT1/cmtt/m/n/10 cout << "I only know how to perform addition and multipl
ication" << endl;[] 
 []


Overfull \hbox (59.24648pt too wide) in paragraph at lines 159--159
[]    \OT1/cmtt/m/n/10 cout << "I only know how to perform addition and multipl
ication" << endl;[] 
 []

[139]
File: deckobject.eps Graphic file (type eps)
 <deckobject.eps> [140] [141] [142] [143] [144] [145] [146]) [147]
\openout2 = `cha14.aux'.


(./cha14.tex [148



]
Chapter 14.
[149] [150]
File: coordinates.eps Graphic file (type eps)
 <coordinates.eps> [151] [152] [153] [154] [155] [156] [157]
Overfull \hbox (11.99689pt too wide) in paragraph at lines 612--612
[]\OT1/cmtt/m/n/10 // precondition: the current object contains valid polar coo
rdinates[] 
 []


Overfull \hbox (48.74657pt too wide) in paragraph at lines 634--634
[]    \OT1/cmtt/m/n/10 "calculateCartesian failed because the polar representat
ion is invalid"[] 
 []

[158]
Overfull \hbox (59.24648pt too wide) in paragraph at lines 673--673
[]\OT1/cmtt/m/n/10 Complex.cpp:63: void Complex::calculatePolar(): Assertion `c
artesian' failed.[] 
 []

[159]) [160]
\openout2 = `cha15.aux'.

 (./cha15.tex
Chapter 15.

Overfull \hbox (38.24666pt too wide) in paragraph at lines 49--49
[]\OT1/cmtt/m/n/10 Seattle 2650    2000    3000    2150    1350    2300    3100
    1450    0[] 
 []


Overfull \hbox (69.74638pt too wide) in paragraph at lines 49--49
[]        \OT1/cmtt/m/n/10 Atlanta Chicago Boston  Dallas  Denver  Detroit Orla
ndo Phoenix Seattle[] 
 []

[161



]
Overfull \hbox (6.74693pt too wide) in paragraph at lines 110--110
[]  \OT1/cmtt/m/n/10 infile >> x;               // get a single integer and sto
re in x[] 
 []


Overfull \hbox (1.49698pt too wide) in paragraph at lines 110--110
[]  \OT1/cmtt/m/n/10 getline (infile, line);    // get a whole line and store i
n line[] 
 []

[162] [163] [164] [165] [166] [167] [168]
File: set.eps Graphic file (type eps)
 <set.eps> [169] [170] [171]
Overfull \hbox (11.99689pt too wide) in paragraph at lines 765--765
[]  \OT1/cmtt/m/n/10 void add (const apstring& city1, const apstring& city2, in
t dist);[] 
 []


Overfull \hbox (11.99689pt too wide) in paragraph at lines 765--765
[]  \OT1/cmtt/m/n/10 int distance (const apstring& city1, const apstring& city2
) const;[] 
 []

[172]) [173]
\openout2 = `app1.aux'.

 (./app1.tex [174



]
Appendix A.

Overfull \hbox (1.49698pt too wide) in paragraph at lines 33--33
[]\OT1/cmtt/m/n/10 http://www.collegeboard.org/ap/computer-science/html/quick_r
ef.htm[] 
 []


Overfull \hbox (32.9967pt too wide) in paragraph at lines 101--101
[]\OT1/cmtt/m/n/10 extern const int npos;  // used to indicate not a position i
n the string[] 
 []


Overfull \hbox (11.99689pt too wide) in paragraph at lines 101--101
[]  \OT1/cmtt/m/n/10 apstring(const char * s);         // construct from string
 literal[] 
 []


Overfull \hbox (1.49698pt too wide) in paragraph at lines 101--101
[]  \OT1/cmtt/m/n/10 const apstring & operator= (const apstring & str); // assi
gn str[] 
 []

[175]
Overfull \hbox (64.49643pt too wide) in paragraph at lines 101--101
[]  \OT1/cmtt/m/n/10 int find(const apstring & str) const;    // index of first
 occurrence of str[] 
 []


Overfull \hbox (59.24648pt too wide) in paragraph at lines 101--101
[]  \OT1/cmtt/m/n/10 int find(char ch) const;                 // index of first
 occurrence of ch[] 
 []


Overfull \hbox (17.24684pt too wide) in paragraph at lines 101--101
[]  \OT1/cmtt/m/n/10 apstring substr(int pos, int len) const; // substring of l
en chars,[] 
 []


Overfull \hbox (48.74657pt too wide) in paragraph at lines 101--101
[]  \OT1/cmtt/m/n/10 const char * c_str() const;              // explicit conve
rsion to char *[] 
 []


Overfull \hbox (6.74693pt too wide) in paragraph at lines 101--101
[]  \OT1/cmtt/m/n/10 const apstring & operator+= (const apstring & str); // app
end str[] 
 []


Overfull \hbox (11.99689pt too wide) in paragraph at lines 101--101
[]  \OT1/cmtt/m/n/10 const apstring & operator+= (char ch);              // app
end char[] 
 []


Overfull \hbox (11.99689pt too wide) in paragraph at lines 101--101
[]  \OT1/cmtt/m/n/10 apstring operator+ ( const apstring & lhs, const apstring 
& rhs );[] 
 []

[176]
Overfull \hbox (64.49643pt too wide) in paragraph at lines 132--132
[]  \OT1/cmtt/m/n/10 apvector();                                 // default con
structor (size==0)[] 
 []


Overfull \hbox (69.74638pt too wide) in paragraph at lines 132--132
[]  \OT1/cmtt/m/n/10 apvector(int size);                         // initial siz
e of vector is size[] 
 []


Overfull \hbox (64.49643pt too wide) in paragraph at lines 132--132
[]  \OT1/cmtt/m/n/10 apvector(int size, const itemType & fillValue);  // all en
tries == fillValue[] 
 []


Overfull \hbox (22.4968pt too wide) in paragraph at lines 132--132
[]  \OT1/cmtt/m/n/10 int length() const;                            // capacity
 of vector[] 
 []


Overfull \hbox (11.99689pt too wide) in paragraph at lines 132--132
[]  \OT1/cmtt/m/n/10 void resize(int newSize);               // change size dyn
amically[] 
 []


Overfull \hbox (27.74675pt too wide) in paragraph at lines 132--132
[]                                          \OT1/cmtt/m/n/10 //can result in lo
sing values[] 
 []


Overfull \hbox (32.9967pt too wide) in paragraph at lines 165--165
[]  \OT1/cmtt/m/n/10 apmatrix();                                   // default s
ize is 0 x 0[] 
 []


Overfull \hbox (22.4968pt too wide) in paragraph at lines 165--165
[]  \OT1/cmtt/m/n/10 apmatrix(int rows, int cols);                 // size is r
ows x cols[] 
 []


Overfull \hbox (48.74657pt too wide) in paragraph at lines 165--165
[]                                                \OT1/cmtt/m/n/10 // all entri
es == fillValue[] 
 []


Overfull \hbox (6.74693pt too wide) in paragraph at lines 165--165
[]  \OT1/cmtt/m/n/10 apmatrix(const apmatrix & mat);               // copy cons
tructor[] 
 []


Overfull \hbox (38.24666pt too wide) in paragraph at lines 165--165
[]  \OT1/cmtt/m/n/10 int numrows() const;                                  // n
umber of rows[] 
 []


Overfull \hbox (53.99652pt too wide) in paragraph at lines 165--165
[]  \OT1/cmtt/m/n/10 int numcols() const;                                  // n
umber of columns[] 
 []

[177]
Overfull \hbox (69.74638pt too wide) in paragraph at lines 165--165
[]  \OT1/cmtt/m/n/10 void resize(int newRows, int newCols); // resizes matrix t
o newRows x newCols[] 
 []


Overfull \hbox (38.24666pt too wide) in paragraph at lines 165--165
[]                                         \OT1/cmtt/m/n/10 // (can result in l
osing values)[] 
 []

) [178] (./top.ind [179


] [180] [181] [182] [183]) (./top.aux (./cha1.aux)
(./cha2.aux) (./cha3.aux) (./cha4.aux) (./cha5.aux) (./cha6.aux) (./cha7.aux)
(./cha8.aux) (./cha9.aux) (./cha10.aux) (./cha11.aux) (./cha12.aux)
(./cha13.aux) (./cha14.aux) (./cha15.aux) (./app1.aux)) ) 
Here is how much of TeX's memory you used:
 847 strings out of 495062
 9554 string characters out of 1182644
 63538 words of memory out of 3000000
 3929 multiletter control sequences out of 15000+50000
 10789 words of font info for 39 fonts, out of 3000000 for 9000
 28 hyphenation exceptions out of 8191
 32i,8n,21p,211b,280s stack positions out of 5000i,500n,10000p,200000b,50000s

Output written on top.dvi (191 pages, 481052 bytes).
